Started
[1, 65, 65, 65, 0, 0, 0] = 0.66117919009
[2, 65, 65, 65, 0, 0, 0] = 0.661209755169
[3, 65, 65, 65, 0, 0, 0] = 0.661226347075
[4, 65, 65, 65, 0, 0, 0] = 0.661229665605
[5, 65, 65, 65, 0, 0, 0] = 0.661220377583
[3, 65, 65, 65, 0, 0, 0] = 0.661226347075
[4, 64, 65, 65, 0, 0, 0] = 0.661270626579
[4, 63, 65, 65, 0, 0, 0] = 0.66131022254
[4, 62, 65, 65, 0, 0, 0] = 0.661348435575
[4, 61, 65, 65, 0, 0, 0] = 0.661385247581
[4, 60, 65, 65, 0, 0, 0] = 0.661420640256
[4, 59, 65, 65, 0, 0, 0] = 0.661454595104
[4, 58, 65, 65, 0, 0, 0] = 0.661487093427
[4, 57, 65, 65, 0, 0, 0] = 0.661518116331
[4, 56, 65, 65, 0, 0, 0] = 0.661547644715
[4, 55, 65, 65, 0, 0, 0] = 0.661575659276
[4, 54, 65, 65, 0, 0, 0] = 0.661602140505
[4, 53, 65, 65, 0, 0, 0] = 0.661627068682
[4, 52, 65, 65, 0, 0, 0] = 0.661650423881
[4, 51, 65, 65, 0, 0, 0] = 0.661672185962
[4, 50, 65, 65, 0, 0, 0] = 0.661692334571
[4, 49, 65, 65, 0, 0, 0] = 0.66171084914
[4, 48, 65, 65, 0, 0, 0] = 0.661727708882
[4, 47, 65, 65, 0, 0, 0] = 0.661742892791
[4, 46, 65, 65, 0, 0, 0] = 0.661756379639
[4, 45, 65, 65, 0, 0, 0] = 0.661768147977
[4, 44, 65, 65, 0, 0, 0] = 0.661778176128
[4, 43, 65, 65, 0, 0, 0] = 0.661786442189
[4, 42, 65, 65, 0, 0, 0] = 0.661792924029
[4, 41, 65, 65, 0, 0, 0] = 0.661797599283
[4, 40, 65, 65, 0, 0, 0] = 0.661800445357
[4, 39, 65, 65, 0, 0, 0] = 0.661801439418
[4, 38, 65, 65, 0, 0, 0] = 0.661800558399
[4, 39, 64, 65, 0, 0, 0] = 0.661659105886
[4, 39, 65, 64, 0, 0, 0] = 0.661936211586
[4, 39, 65, 63, 0, 0, 0] = 0.662069074367
[4, 39, 65, 62, 0, 0, 0] = 0.662199861375
[4, 39, 65, 61, 0, 0, 0] = 0.662328396341
[4, 39, 65, 60, 0, 0, 0] = 0.662454492515
[4, 39, 65, 59, 0, 0, 0] = 0.662577952027
[4, 39, 65, 58, 0, 0, 0] = 0.662698565201
[4, 39, 65, 57, 0, 0, 0] = 0.662816109834
[4, 39, 65, 56, 0, 0, 0] = 0.66293035041
[4, 39, 65, 55, 0, 0, 0] = 0.663041037282
[4, 39, 65, 54, 0, 0, 0] = 0.663147905782
[4, 39, 65, 53, 0, 0, 0] = 0.663250675282
[4, 39, 65, 52, 0, 0, 0] = 0.663349048182
[4, 39, 65, 51, 0, 0, 0] = 0.663442708836
[4, 39, 65, 50, 0, 0, 0] = 0.663531322404
[4, 39, 65, 49, 0, 0, 0] = 0.663614533618
[4, 39, 65, 48, 0, 0, 0] = 0.663691965472
[4, 39, 65, 47, 0, 0, 0] = 0.663763217813
[4, 39, 65, 46, 0, 0, 0] = 0.663827865834
[4, 39, 65, 45, 0, 0, 0] = 0.663885458469
[4, 39, 65, 44, 0, 0, 0] = 0.663935516667
[4, 39, 65, 43, 0, 0, 0] = 0.66397753154
[4, 39, 65, 42, 0, 0, 0] = 0.664010962391
[4, 39, 65, 41, 0, 0, 0] = 0.66403523459
[4, 39, 65, 40, 0, 0, 0] = 0.664049737304
[4, 39, 65, 39, 0, 0, 0] = 0.664053821054
[4, 39, 65, 38, 0, 0, 0] = 0.664046795108
[4, 39, 65, 39, 1, 0, 0] = 0.664077357965
[4, 39, 65, 39, 2, 0, 0] = 0.664072832753
[4, 39, 65, 39, 0, 0, 0] = 0.664053821054
[4, 39, 65, 39, 1, 1, 0] = 0.664160062762
[4, 39, 65, 39, 1, 2, 0] = 0.664136859844
[4, 39, 65, 39, 1, 0, 0] = 0.664077357965
[4, 39, 65, 39, 1, 1, 1] = 0.664722826287
[4, 39, 65, 39, 1, 1, 2] = 0.665239037009
[4, 39, 65, 39, 1, 1, 3] = 0.665710738686
[4, 39, 65, 39, 1, 1, 4] = 0.666139896765
[4, 39, 65, 39, 1, 1, 5] = 0.6665284006
[4, 39, 65, 39, 1, 1, 6] = 0.666878065698
[4, 39, 65, 39, 1, 1, 7] = 0.667190635975
[4, 39, 65, 39, 1, 1, 8] = 0.667467786013
[4, 39, 65, 39, 1, 1, 9] = 0.667711123304
[4, 39, 65, 39, 1, 1, 10] = 0.667922190483
[4, 39, 65, 39, 1, 1, 11] = 0.668102467532
[4, 39, 65, 39, 1, 1, 12] = 0.668253373958
[4, 39, 65, 39, 1, 1, 13] = 0.668376270933
[4, 39, 65, 39, 1, 1, 14] = 0.668472463395
[4, 39, 65, 39, 1, 1, 15] = 0.668543202105
[4, 39, 65, 39, 1, 1, 16] = 0.668589685658
[4, 39, 65, 39, 1, 1, 17] = 0.668613062447
[4, 39, 65, 39, 1, 1, 18] = 0.668614432577
[4, 39, 65, 39, 1, 1, 19] = 0.668594849716
[4, 39, 65, 39, 1, 1, 17] = 0.668613062447
[5, 39, 65, 39, 1, 1, 18] = 0.668403673463
[3, 39, 65, 39, 1, 1, 18] = 0.668815338166
[2, 39, 65, 39, 1, 1, 18] = 0.669005644643
[1, 39, 65, 39, 1, 1, 18] = 0.669184559884
[0, 39, 65, 39, 1, 1, 18] = 0.669351242285
[0, 40, 65, 39, 1, 1, 18] = 0.669318253337
[0, 38, 65, 39, 1, 1, 18] = 0.669382060303
[0, 37, 65, 39, 1, 1, 18] = 0.669410675436
[0, 36, 65, 39, 1, 1, 18] = 0.669437055341
[0, 35, 65, 39, 1, 1, 18] = 0.669461167287
[0, 34, 65, 39, 1, 1, 18] = 0.669482978148
[0, 33, 65, 39, 1, 1, 18] = 0.669502454403
[0, 32, 65, 39, 1, 1, 18] = 0.669519562128
[0, 31, 65, 39, 1, 1, 18] = 0.669534266997
[0, 30, 65, 39, 1, 1, 18] = 0.669546534272
[0, 29, 65, 39, 1, 1, 18] = 0.669556328806
[0, 28, 65, 39, 1, 1, 18] = 0.669563615032
[0, 27, 65, 39, 1, 1, 18] = 0.669568356967
[0, 26, 65, 39, 1, 1, 18] = 0.6695705182
[0, 25, 65, 39, 1, 1, 18] = 0.669570061894
[0, 26, 64, 39, 1, 1, 18] = 0.669468538861
[0, 26, 65, 40, 1, 1, 18] = 0.669429059759
[0, 26, 65, 38, 1, 1, 18] = 0.669707310143
[0, 26, 65, 37, 1, 1, 18] = 0.669839066046
[0, 26, 65, 36, 1, 1, 18] = 0.669965392774
[0, 26, 65, 35, 1, 1, 18] = 0.670085872036
[0, 26, 65, 34, 1, 1, 18] = 0.670200058702
[0, 26, 65, 33, 1, 1, 18] = 0.670307479
[0, 26, 65, 32, 1, 1, 18] = 0.67040762859
[0, 26, 65, 31, 1, 1, 18] = 0.670499970488
[0, 26, 65, 30, 1, 1, 18] = 0.670583932846
[0, 26, 65, 29, 1, 1, 18] = 0.670658906568
[0, 26, 65, 28, 1, 1, 18] = 0.67072424275
[0, 26, 65, 27, 1, 1, 18] = 0.670779249935
[0, 26, 65, 26, 1, 1, 18] = 0.670823191157
[0, 26, 65, 25, 1, 1, 18] = 0.670855280773
[0, 26, 65, 24, 1, 1, 18] = 0.670874681059
[0, 26, 65, 23, 1, 1, 18] = 0.670880498542
[0, 26, 65, 22, 1, 1, 18] = 0.670871780072
[0, 26, 65, 23, 2, 1, 18] = 0.670809177565
[0, 26, 65, 23, 0, 1, 18] = 0.67092000888
[0, 26, 65, 23, 0, 2, 18] = 0.670522741656
[0, 26, 65, 23, 0, 0, 18] = 0.671203635374
[0, 26, 65, 23, 0, 0, 19] = 0.67123809013
[0, 26, 65, 23, 0, 0, 20] = 0.671235873541
[0, 26, 65, 23, 0, 0, 18] = 0.671203635374
[1, 26, 65, 23, 0, 0, 19] = 0.671203402921
[0, 27, 65, 23, 0, 0, 19] = 0.671190629493
[0, 25, 65, 23, 0, 0, 19] = 0.671282257895
[0, 24, 65, 23, 0, 0, 19] = 0.671323072242
[0, 23, 65, 23, 0, 0, 19] = 0.671360471716
[0, 22, 65, 23, 0, 0, 19] = 0.671394393942
[0, 21, 65, 23, 0, 0, 19] = 0.671424775614
[0, 20, 65, 23, 0, 0, 19] = 0.671451552484
[0, 19, 65, 23, 0, 0, 19] = 0.671474659348
[0, 18, 65, 23, 0, 0, 19] = 0.671494030042
[0, 17, 65, 23, 0, 0, 19] = 0.671509597419
[0, 16, 65, 23, 0, 0, 19] = 0.671521293351
[0, 15, 65, 23, 0, 0, 19] = 0.671529048706
[0, 14, 65, 23, 0, 0, 19] = 0.671532793344
[0, 13, 65, 23, 0, 0, 19] = 0.671532456103
[0, 14, 64, 23, 0, 0, 19] = 0.671519033341
[0, 14, 65, 24, 0, 0, 19] = 0.671526867221
[0, 14, 65, 22, 0, 0, 19] = 0.671522444644
[0, 14, 65, 23, 1, 0, 19] = 0.671480036519
[0, 14, 65, 23, 0, 1, 19] = 0.671124811981
[0, 14, 65, 23, 0, 0, 20] = 0.671476081889
[0, 14, 65, 23, 0, 0, 18] = 0.671552481973
[0, 14, 65, 23, 0, 0, 17] = 0.671532623402
[1, 14, 65, 23, 0, 0, 18] = 0.67148233175
[0, 15, 65, 23, 0, 0, 18] = 0.671544400242
[0, 13, 65, 23, 0, 0, 18] = 0.671556442144
[0, 12, 65, 23, 0, 0, 18] = 0.671556206582
[0, 13, 64, 23, 0, 0, 18] = 0.671553377556
[0, 13, 65, 24, 0, 0, 18] = 0.671551986933
[0, 13, 65, 22, 0, 0, 18] = 0.671544074721
[0, 13, 65, 23, 1, 0, 18] = 0.671512551893
[0, 13, 65, 23, 0, 1, 18] = 0.671177129385
[0, 13, 65, 23, 0, 0, 19] = 0.671532456103
[0, 13, 65, 23, 0, 0, 17] = 0.671540832651
[1, 13, 65, 23, 0, 0, 18] = 0.671482174067
[0, 14, 65, 23, 0, 0, 18] = 0.671552481973
[0, 12, 65, 23, 0, 0, 18] = 0.671556206582
[0, 13, 64, 23, 0, 0, 18] = 0.671553377556
[0, 13, 65, 24, 0, 0, 18] = 0.671551986933
[0, 13, 65, 22, 0, 0, 18] = 0.671544074721
[0, 13, 65, 23, 1, 0, 18] = 0.671512551893
[0, 13, 65, 23, 0, 1, 18] = 0.671177129385
[0, 13, 65, 23, 0, 0, 19] = 0.671532456103
[0, 13, 65, 23, 0, 0, 17] = 0.671540832651
[1, 13, 65, 23, 0, 0, 18] = 0.671482174067
[0, 14, 65, 23, 0, 0, 18] = 0.671552481973
[0, 12, 65, 23, 0, 0, 18] = 0.671556206582
[0, 13, 64, 23, 0, 0, 18] = 0.671553377556
[0, 13, 65, 24, 0, 0, 18] = 0.671551986933
[0, 13, 65, 22, 0, 0, 18] = 0.671544074721
[0, 13, 65, 23, 1, 0, 18] = 0.671512551893
[0, 13, 65, 23, 0, 1, 18] = 0.671177129385
[0, 13, 65, 23, 0, 0, 19] = 0.671532456103
[0, 13, 65, 23, 0, 0, 17] = 0.671540832651
[1, 13, 65, 23, 0, 0, 18] = 0.671482174067
[0, 14, 65, 23, 0, 0, 18] = 0.671552481973
[0, 12, 65, 23, 0, 0, 18] = 0.671556206582
[0, 13, 64, 23, 0, 0, 18] = 0.671553377556
[0, 13, 65, 24, 0, 0, 18] = 0.671551986933
[0, 13, 65, 22, 0, 0, 18] = 0.671544074721
[0, 13, 65, 23, 1, 0, 18] = 0.671512551893
[0, 13, 65, 23, 0, 1, 18] = 0.671177129385
[0, 13, 65, 23, 0, 0, 19] = 0.671532456103
[0, 13, 65, 23, 0, 0, 17] = 0.671540832651
Started
[1, 13, 65, 23, 0, 0, 17] = 0.671485081289
[2, 13, 65, 23, 0, 0, 17] = 0.671399144867
[0, 13, 65, 23, 0, 0, 17] = 0.671540832651
[0, 14, 65, 23, 0, 0, 17] = 0.671532623402
[0, 12, 65, 23, 0, 0, 17] = 0.671544803585
[0, 11, 65, 23, 0, 0, 17] = 0.671544458847
[0, 12, 64, 23, 0, 0, 17] = 0.67155250236
[0, 12, 63, 23, 0, 0, 17] = 0.671554731963
[0, 12, 62, 23, 0, 0, 17] = 0.671551233132
[0, 12, 63, 24, 0, 0, 17] = 0.671538463321
[0, 12, 63, 22, 0, 0, 17] = 0.671553741745
[0, 12, 63, 23, 1, 0, 17] = 0.671499415793
[0, 12, 63, 23, 0, 1, 17] = 0.671161744923
[0, 12, 63, 23, 0, 0, 18] = 0.671542118987
[0, 12, 63, 23, 0, 0, 16] = 0.671524768819
[1, 12, 63, 23, 0, 0, 17] = 0.671471289507
[0, 13, 63, 23, 0, 0, 17] = 0.671552851135
[0, 11, 63, 23, 0, 0, 17] = 0.671552135616
[0, 12, 64, 23, 0, 0, 17] = 0.67155250236
[0, 12, 62, 23, 0, 0, 17] = 0.671551233132
[0, 12, 63, 24, 0, 0, 17] = 0.671538463321
[0, 12, 63, 22, 0, 0, 17] = 0.671553741745
[0, 12, 63, 23, 1, 0, 17] = 0.671499415793
[0, 12, 63, 23, 0, 1, 17] = 0.671161744923
[0, 12, 63, 23, 0, 0, 18] = 0.671542118987
[0, 12, 63, 23, 0, 0, 16] = 0.671524768819
[1, 12, 63, 23, 0, 0, 17] = 0.671471289507
[0, 13, 63, 23, 0, 0, 17] = 0.671552851135
[0, 11, 63, 23, 0, 0, 17] = 0.671552135616
[0, 12, 64, 23, 0, 0, 17] = 0.67155250236
[0, 12, 62, 23, 0, 0, 17] = 0.671551233132
[0, 12, 63, 24, 0, 0, 17] = 0.671538463321
[0, 12, 63, 22, 0, 0, 17] = 0.671553741745
[0, 12, 63, 23, 1, 0, 17] = 0.671499415793
[0, 12, 63, 23, 0, 1, 17] = 0.671161744923
[0, 12, 63, 23, 0, 0, 18] = 0.671542118987
[0, 12, 63, 23, 0, 0, 16] = 0.671524768819
[1, 12, 63, 23, 0, 0, 17] = 0.671471289507
[0, 13, 63, 23, 0, 0, 17] = 0.671552851135
[0, 11, 63, 23, 0, 0, 17] = 0.671552135616
[0, 12, 64, 23, 0, 0, 17] = 0.67155250236
[0, 12, 62, 23, 0, 0, 17] = 0.671551233132
[0, 12, 63, 24, 0, 0, 17] = 0.671538463321
[0, 12, 63, 22, 0, 0, 17] = 0.671553741745
[0, 12, 63, 23, 1, 0, 17] = 0.671499415793
[0, 12, 63, 23, 0, 1, 17] = 0.671161744923
[0, 12, 63, 23, 0, 0, 18] = 0.671542118987
[0, 12, 63, 23, 0, 0, 16] = 0.671524768819
[1, 12, 63, 23, 0, 0, 17] = 0.671471289507
[0, 13, 63, 23, 0, 0, 17] = 0.671552851135
[0, 11, 63, 23, 0, 0, 17] = 0.671552135616
[0, 12, 64, 23, 0, 0, 17] = 0.67155250236
[0, 12, 62, 23, 0, 0, 17] = 0.671551233132
[0, 12, 63, 24, 0, 0, 17] = 0.671538463321
[0, 12, 63, 22, 0, 0, 17] = 0.671553741745
[0, 12, 63, 23, 1, 0, 17] = 0.671499415793
[0, 12, 63, 23, 0, 1, 17] = 0.671161744923
[0, 12, 63, 23, 0, 0, 18] = 0.671542118987
[0, 12, 63, 23, 0, 0, 16] = 0.671524768819
[1, 12, 63, 23, 0, 0, 17] = 0.671471289507
[0, 13, 63, 23, 0, 0, 17] = 0.671552851135
[0, 11, 63, 23, 0, 0, 17] = 0.671552135616
[0, 12, 64, 23, 0, 0, 17] = 0.67155250236
[0, 12, 62, 23, 0, 0, 17] = 0.671551233132
[0, 12, 63, 24, 0, 0, 17] = 0.671538463321
[0, 12, 63, 22, 0, 0, 17] = 0.671553741745
[0, 12, 63, 23, 1, 0, 17] = 0.671499415793
[0, 12, 63, 23, 0, 1, 17] = 0.671161744923
[0, 12, 63, 23, 0, 0, 18] = 0.671542118987
[0, 12, 63, 23, 0, 0, 16] = 0.671524768819
[1, 12, 63, 23, 0, 0, 17] = 0.671471289507
[0, 13, 63, 23, 0, 0, 17] = 0.671552851135
[0, 11, 63, 23, 0, 0, 17] = 0.671552135616
[0, 12, 64, 23, 0, 0, 17] = 0.67155250236
[0, 12, 62, 23, 0, 0, 17] = 0.671551233132
[0, 12, 63, 24, 0, 0, 17] = 0.671538463321
[0, 12, 63, 22, 0, 0, 17] = 0.671553741745
[0, 12, 63, 23, 1, 0, 17] = 0.671499415793
[0, 12, 63, 23, 0, 1, 17] = 0.671161744923
[0, 12, 63, 23, 0, 0, 18] = 0.671542118987
[0, 12, 63, 23, 0, 0, 16] = 0.671524768819
Started
[6, 10, 35, 10, 5, 0, 0] = 0.664915432284
[7, 10, 35, 10, 5, 0, 0] = 0.664713809339
[5, 10, 35, 10, 5, 0, 0] = 0.665031620228
[4, 10, 35, 10, 5, 0, 0] = 0.665048721213
[3, 10, 35, 10, 5, 0, 0] = 0.664951094114
[4, 11, 35, 10, 5, 0, 0] = 0.664998319821
[4, 9, 35, 10, 5, 0, 0] = 0.665085825847
[4, 8, 35, 10, 5, 0, 0] = 0.665109163362
[4, 7, 35, 10, 5, 0, 0] = 0.665118249687
[4, 6, 35, 10, 5, 0, 0] = 0.665112586728
[4, 7, 36, 10, 5, 0, 0] = 0.665156188747
[4, 7, 37, 10, 5, 0, 0] = 0.665176183939
[4, 7, 38, 10, 5, 0, 0] = 0.665179667003
[4, 7, 39, 10, 5, 0, 0] = 0.665167958014
[4, 7, 37, 10, 5, 0, 0] = 0.665176183939
[4, 7, 38, 11, 5, 0, 0] = 0.665204341857
[4, 7, 38, 12, 5, 0, 0] = 0.665182109938
[4, 7, 38, 10, 5, 0, 0] = 0.665179667003
[4, 7, 38, 11, 6, 0, 0] = 0.664968435491
[4, 7, 38, 11, 4, 0, 0] = 0.665339362948
[4, 7, 38, 11, 3, 0, 0] = 0.665357627603
[4, 7, 38, 11, 2, 0, 0] = 0.665241025687
[4, 7, 38, 11, 3, 1, 0] = 0.665439241877
[4, 7, 38, 11, 3, 2, 0] = 0.665059515608
[4, 7, 38, 11, 3, 0, 0] = 0.665357627603
[4, 7, 38, 11, 3, 1, 1] = 0.666437861213
[4, 7, 38, 11, 3, 1, 2] = 0.667244832614
[4, 7, 38, 11, 3, 1, 3] = 0.667878182631
[4, 7, 38, 11, 3, 1, 4] = 0.668354429015
[4, 7, 38, 11, 3, 1, 5] = 0.668688685223
[4, 7, 38, 11, 3, 1, 6] = 0.668894762545
[4, 7, 38, 11, 3, 1, 7] = 0.668985268668
[4, 7, 38, 11, 3, 1, 8] = 0.668971701797
[4, 7, 38, 11, 3, 1, 6] = 0.668894762545
[5, 7, 38, 11, 3, 1, 7] = 0.668529294235
[3, 7, 38, 11, 3, 1, 7] = 0.66939246804
[2, 7, 38, 11, 3, 1, 7] = 0.669742677142
[1, 7, 38, 11, 3, 1, 7] = 0.67002652775
[0, 7, 38, 11, 3, 1, 7] = 0.670233334004
[0, 8, 38, 11, 3, 1, 7] = 0.670220162268
[0, 6, 38, 11, 3, 1, 7] = 0.670233630745
[0, 5, 38, 11, 3, 1, 7] = 0.670220640908
[0, 6, 39, 11, 3, 1, 7] = 0.670231401882
[0, 6, 37, 11, 3, 1, 7] = 0.670219120402
Started
[6, 10, 35, 10, 5, 0, 0] = 0.664915432284
[7, 10, 35, 10, 5, 0, 0] = 0.664713809339
[5, 10, 35, 10, 5, 0, 0] = 0.665031620228
[4, 10, 35, 10, 5, 0, 0] = 0.665048721213
[3, 10, 35, 10, 5, 0, 0] = 0.664951094114
[4, 11, 35, 10, 5, 0, 0] = 0.664998319821
[4, 9, 35, 10, 5, 0, 0] = 0.665085825847
[4, 8, 35, 10, 5, 0, 0] = 0.665109163362
[4, 7, 35, 10, 5, 0, 0] = 0.665118249687
[4, 6, 35, 10, 5, 0, 0] = 0.665112586728
[4, 7, 36, 10, 5, 0, 0] = 0.665156188747
[4, 7, 37, 10, 5, 0, 0] = 0.665176183939
[4, 7, 38, 10, 5, 0, 0] = 0.665179667003
[4, 7, 39, 10, 5, 0, 0] = 0.665167958014
[4, 7, 37, 10, 5, 0, 0] = 0.665176183939
[4, 7, 38, 11, 5, 0, 0] = 0.665204341857
[4, 7, 38, 12, 5, 0, 0] = 0.665182109938
[4, 7, 38, 10, 5, 0, 0] = 0.665179667003
[4, 7, 38, 11, 6, 0, 0] = 0.664968435491
[4, 7, 38, 11, 4, 0, 0] = 0.665339362948
[4, 7, 38, 11, 3, 0, 0] = 0.665357627603
[4, 7, 38, 11, 2, 0, 0] = 0.665241025687
[4, 7, 38, 11, 3, 1, 0] = 0.665439241877
[4, 7, 38, 11, 3, 2, 0] = 0.665059515608
[4, 7, 38, 11, 3, 0, 0] = 0.665357627603
[4, 7, 38, 11, 3, 1, 1] = 0.666437861213
[4, 7, 38, 11, 3, 1, 2] = 0.667244832614
[4, 7, 38, 11, 3, 1, 3] = 0.667878182631
[4, 7, 38, 11, 3, 1, 4] = 0.668354429015
[4, 7, 38, 11, 3, 1, 5] = 0.668688685223
[4, 7, 38, 11, 3, 1, 6] = 0.668894762545
[4, 7, 38, 11, 3, 1, 7] = 0.668985268668
[4, 7, 38, 11, 3, 1, 8] = 0.668971701797
[4, 7, 38, 11, 3, 1, 6] = 0.668894762545
[5, 7, 38, 11, 3, 1, 7] = 0.668529294235
[3, 7, 38, 11, 3, 1, 7] = 0.66939246804
[2, 7, 38, 11, 3, 1, 7] = 0.669742677142
[1, 7, 38, 11, 3, 1, 7] = 0.67002652775
[0, 7, 38, 11, 3, 1, 7] = 0.670233334004
[0, 8, 38, 11, 3, 1, 7] = 0.670220162268
[0, 6, 38, 11, 3, 1, 7] = 0.670233630745
[0, 5, 38, 11, 3, 1, 7] = 0.670220640908
[0, 6, 39, 11, 3, 1, 7] = 0.670231401882
[0, 6, 37, 11, 3, 1, 7] = 0.670219120402
[0, 6, 38, 12, 3, 1, 7] = 0.670168909734
[0, 6, 38, 10, 3, 1, 7] = 0.670250924729
[0, 6, 38, 9, 3, 1, 7] = 0.670214166274
[0, 6, 38, 10, 4, 1, 7] = 0.670037992261
[0, 6, 38, 10, 2, 1, 7] = 0.670350942342
[0, 6, 38, 10, 1, 1, 7] = 0.670320437655
[0, 6, 38, 10, 2, 2, 7] = 0.669601496633
[0, 6, 38, 10, 2, 0, 7] = 0.670655048693
[0, 6, 38, 10, 2, 0, 8] = 0.67103431383
[0, 6, 38, 10, 2, 0, 9] = 0.671252044081
[0, 6, 38, 10, 2, 0, 10] = 0.671325834027
[0, 6, 38, 10, 2, 0, 11] = 0.671271567436
[0, 6, 38, 10, 2, 0, 9] = 0.671252044081
[1, 6, 38, 10, 2, 0, 10] = 0.671192061779
[0, 7, 38, 10, 2, 0, 10] = 0.671324025322
[0, 5, 38, 10, 2, 0, 10] = 0.671314029998
[0, 6, 39, 10, 2, 0, 10] = 0.671299874295
[0, 6, 37, 10, 2, 0, 10] = 0.671335582573
[0, 6, 36, 10, 2, 0, 10] = 0.67132773649
[0, 6, 37, 11, 2, 0, 10] = 0.671356982598
[0, 6, 37, 12, 2, 0, 10] = 0.671326502977
[0, 6, 37, 10, 2, 0, 10] = 0.671335582573
[0, 6, 37, 11, 3, 0, 10] = 0.671150767559
[0, 6, 37, 11, 1, 0, 10] = 0.671453012942
[0, 6, 37, 11, 0, 0, 10] = 0.671422082673
[0, 6, 37, 11, 1, 1, 10] = 0.670706326735
[0, 6, 37, 11, 1, 0, 11] = 0.671384037362
[0, 6, 37, 11, 1, 0, 9] = 0.671390955027
[1, 6, 37, 11, 1, 0, 10] = 0.671318539618
[0, 7, 37, 11, 1, 0, 10] = 0.671452769274
[0, 5, 37, 11, 1, 0, 10] = 0.671439180274
[0, 6, 38, 11, 1, 0, 10] = 0.671429906277
[0, 6, 36, 11, 1, 0, 10] = 0.671459170575
[0, 6, 35, 11, 1, 0, 10] = 0.671446915531
[0, 6, 36, 12, 1, 0, 10] = 0.671464186424
[0, 6, 36, 13, 1, 0, 10] = 0.671417069608
[0, 6, 36, 11, 1, 0, 10] = 0.671459170575
[0, 6, 36, 12, 2, 0, 10] = 0.671277055497
[0, 6, 36, 12, 0, 0, 10] = 0.671535397854
[0, 6, 36, 12, 0, 1, 10] = 0.670771097277
[0, 6, 36, 12, 0, 0, 11] = 0.671452770362
[0, 6, 36, 12, 0, 0, 9] = 0.671483831143
[1, 6, 36, 12, 0, 0, 10] = 0.671402522795
[0, 7, 36, 12, 0, 0, 10] = 0.671537345313
[0, 8, 36, 12, 0, 0, 10] = 0.671525191396
[0, 6, 36, 12, 0, 0, 10] = 0.671535397854
[0, 7, 37, 12, 0, 0, 10] = 0.671515217433
[0, 7, 35, 12, 0, 0, 10] = 0.671542080692
[0, 7, 34, 12, 0, 0, 10] = 0.671527908534
[0, 7, 35, 13, 0, 0, 10] = 0.671538623916
[0, 7, 35, 11, 0, 0, 10] = 0.67148557649
[0, 7, 35, 12, 1, 0, 10] = 0.671444054053
[0, 7, 35, 12, 0, 1, 10] = 0.670726933316
[0, 7, 35, 12, 0, 0, 11] = 0.671433010155
[0, 7, 35, 12, 0, 0, 9] = 0.671516824058
[1, 7, 35, 12, 0, 0, 10] = 0.671384614177
[0, 8, 35, 12, 0, 0, 10] = 0.671533230038
[0, 6, 35, 12, 0, 0, 10] = 0.671536353358
[0, 7, 36, 12, 0, 0, 10] = 0.671537345313
[0, 7, 34, 12, 0, 0, 10] = 0.671527908534
[0, 7, 35, 13, 0, 0, 10] = 0.671538623916
[0, 7, 35, 11, 0, 0, 10] = 0.67148557649
[0, 7, 35, 12, 1, 0, 10] = 0.671444054053
[0, 7, 35, 12, 0, 1, 10] = 0.670726933316
[0, 7, 35, 12, 0, 0, 11] = 0.671433010155
[0, 7, 35, 12, 0, 0, 9] = 0.671516824058
[1, 7, 35, 12, 0, 0, 10] = 0.671384614177
[0, 8, 35, 12, 0, 0, 10] = 0.671533230038
[0, 6, 35, 12, 0, 0, 10] = 0.671536353358
[0, 7, 36, 12, 0, 0, 10] = 0.671537345313
[0, 7, 34, 12, 0, 0, 10] = 0.671527908534
[0, 7, 35, 13, 0, 0, 10] = 0.671538623916
[0, 7, 35, 11, 0, 0, 10] = 0.67148557649
[0, 7, 35, 12, 1, 0, 10] = 0.671444054053
[0, 7, 35, 12, 0, 1, 10] = 0.670726933316
[0, 7, 35, 12, 0, 0, 11] = 0.671433010155
[0, 7, 35, 12, 0, 0, 9] = 0.671516824058
Started
[1, 7, 35, 12, 0, 0, 9] = 0.671422245127
[2, 7, 35, 12, 0, 0, 9] = 0.671224985157
[0, 7, 35, 12, 0, 0, 9] = 0.671516824058
[0, 8, 35, 12, 0, 0, 9] = 0.671492935645
[0, 6, 35, 12, 0, 0, 9] = 0.671525858831
[0, 5, 35, 12, 0, 0, 9] = 0.671519525039
[0, 6, 36, 12, 0, 0, 9] = 0.671483831143
[0, 6, 34, 12, 0, 0, 9] = 0.671550148639
[0, 6, 33, 12, 0, 0, 9] = 0.671555057966
[0, 6, 32, 12, 0, 0, 9] = 0.671538799069
[0, 6, 33, 13, 0, 0, 9] = 0.671509205957
[0, 6, 33, 11, 0, 0, 9] = 0.671537921637
[0, 6, 33, 12, 1, 0, 9] = 0.671413626054
[0, 6, 33, 12, 0, 1, 9] = 0.670677985269
[0, 6, 33, 12, 0, 0, 10] = 0.671478569217
[0, 6, 33, 12, 0, 0, 8] = 0.671477604821
[1, 6, 33, 12, 0, 0, 9] = 0.671361885333
[0, 7, 33, 12, 0, 0, 9] = 0.67155339391
[0, 5, 33, 12, 0, 0, 9] = 0.671540243986
[0, 6, 34, 12, 0, 0, 9] = 0.671550148639
[0, 6, 32, 12, 0, 0, 9] = 0.671538799069
[0, 6, 33, 13, 0, 0, 9] = 0.671509205957
[0, 6, 33, 11, 0, 0, 9] = 0.671537921637
[0, 6, 33, 12, 1, 0, 9] = 0.671413626054
[0, 6, 33, 12, 0, 1, 9] = 0.670677985269
[0, 6, 33, 12, 0, 0, 10] = 0.671478569217
[0, 6, 33, 12, 0, 0, 8] = 0.671477604821
[1, 6, 33, 12, 0, 0, 9] = 0.671361885333
[0, 7, 33, 12, 0, 0, 9] = 0.67155339391
[0, 5, 33, 12, 0, 0, 9] = 0.671540243986
[0, 6, 34, 12, 0, 0, 9] = 0.671550148639
[0, 6, 32, 12, 0, 0, 9] = 0.671538799069
[0, 6, 33, 13, 0, 0, 9] = 0.671509205957
[0, 6, 33, 11, 0, 0, 9] = 0.671537921637
[0, 6, 33, 12, 1, 0, 9] = 0.671413626054
[0, 6, 33, 12, 0, 1, 9] = 0.670677985269
[0, 6, 33, 12, 0, 0, 10] = 0.671478569217
[0, 6, 33, 12, 0, 0, 8] = 0.671477604821
[1, 6, 33, 12, 0, 0, 9] = 0.671361885333
[0, 7, 33, 12, 0, 0, 9] = 0.67155339391
[0, 5, 33, 12, 0, 0, 9] = 0.671540243986
[0, 6, 34, 12, 0, 0, 9] = 0.671550148639
[0, 6, 32, 12, 0, 0, 9] = 0.671538799069
[0, 6, 33, 13, 0, 0, 9] = 0.671509205957
[0, 6, 33, 11, 0, 0, 9] = 0.671537921637
[0, 6, 33, 12, 1, 0, 9] = 0.671413626054
[0, 6, 33, 12, 0, 1, 9] = 0.670677985269
[0, 6, 33, 12, 0, 0, 10] = 0.671478569217
[0, 6, 33, 12, 0, 0, 8] = 0.671477604821
[1, 6, 33, 12, 0, 0, 9] = 0.671361885333
[0, 7, 33, 12, 0, 0, 9] = 0.67155339391
[0, 5, 33, 12, 0, 0, 9] = 0.671540243986
[0, 6, 34, 12, 0, 0, 9] = 0.671550148639
[0, 6, 32, 12, 0, 0, 9] = 0.671538799069
[0, 6, 33, 13, 0, 0, 9] = 0.671509205957
[0, 6, 33, 11, 0, 0, 9] = 0.671537921637
[0, 6, 33, 12, 1, 0, 9] = 0.671413626054
[0, 6, 33, 12, 0, 1, 9] = 0.670677985269
[0, 6, 33, 12, 0, 0, 10] = 0.671478569217
[0, 6, 33, 12, 0, 0, 8] = 0.671477604821
[1, 6, 33, 12, 0, 0, 9] = 0.671361885333
[0, 7, 33, 12, 0, 0, 9] = 0.67155339391
[0, 5, 33, 12, 0, 0, 9] = 0.671540243986
[0, 6, 34, 12, 0, 0, 9] = 0.671550148639
[0, 6, 32, 12, 0, 0, 9] = 0.671538799069
[0, 6, 33, 13, 0, 0, 9] = 0.671509205957
[0, 6, 33, 11, 0, 0, 9] = 0.671537921637
[0, 6, 33, 12, 1, 0, 9] = 0.671413626054
[0, 6, 33, 12, 0, 1, 9] = 0.670677985269
[0, 6, 33, 12, 0, 0, 10] = 0.671478569217
[0, 6, 33, 12, 0, 0, 8] = 0.671477604821
[1, 6, 33, 12, 0, 0, 9] = 0.671361885333
[0, 7, 33, 12, 0, 0, 9] = 0.67155339391
[0, 5, 33, 12, 0, 0, 9] = 0.671540243986
[0, 6, 34, 12, 0, 0, 9] = 0.671550148639
[0, 6, 32, 12, 0, 0, 9] = 0.671538799069
[0, 6, 33, 13, 0, 0, 9] = 0.671509205957
[0, 6, 33, 11, 0, 0, 9] = 0.671537921637
[0, 6, 33, 12, 1, 0, 9] = 0.671413626054
[0, 6, 33, 12, 0, 1, 9] = 0.670677985269
[0, 6, 33, 12, 0, 0, 10] = 0.671478569217
[0, 6, 33, 12, 0, 0, 8] = 0.671477604821
